{"contracts\\AllowanceCrowdsale.sol":{"l":{"24":3,"28":3,"35":0,"43":1,"60":0},"path":"E:\\dapp-token-ico-main\\contracts\\AllowanceCrowdsale.sol","s":{"1":3,"2":0,"3":1,"4":0},"b":{"1":[3,0]},"f":{"1":3,"2":0,"3":1,"4":0},"fnMap":{"1":{"name":"constructor","line":23,"loc":{"start":{"line":23,"column":1},"end":{"line":29,"column":1}}},"2":{"name":"tokenWallet","line":34,"loc":{"start":{"line":34,"column":1},"end":{"line":36,"column":1}}},"3":{"name":"remainingTokens","line":42,"loc":{"start":{"line":42,"column":1},"end":{"line":48,"column":1}}},"4":{"name":"_deliverTokens","line":55,"loc":{"start":{"line":55,"column":1},"end":{"line":61,"column":1}}}},"statementMap":{"1":{"start":{"line":24,"column":2},"end":{"line":24,"column":865}},"2":{"start":{"line":35,"column":2},"end":{"line":35,"column":21}},"3":{"start":{"line":43,"column":2},"end":{"line":43,"column":1344}},"4":{"start":{"line":60,"column":2},"end":{"line":60,"column":65}}},"branchMap":{"1":{"line":24,"type":"if","locations":[{"start":{"line":24,"column":2},"end":{"line":24,"column":2}},{"start":{"line":24,"column":2},"end":{"line":24,"column":2}}]}}},"contracts\\Box.sol":{"l":{"12":1,"13":1,"18":2},"path":"E:\\dapp-token-ico-main\\contracts\\Box.sol","s":{"1":1,"2":2},"b":{},"f":{"1":1,"2":2},"fnMap":{"1":{"name":"store","line":11,"loc":{"start":{"line":11,"column":1},"end":{"line":14,"column":1}}},"2":{"name":"retrieve","line":17,"loc":{"start":{"line":17,"column":1},"end":{"line":19,"column":1}}}},"statementMap":{"1":{"start":{"line":13,"column":2},"end":{"line":13,"column":26}},"2":{"start":{"line":18,"column":2},"end":{"line":18,"column":15}}},"branchMap":{}},"contracts\\BoxV2.sol":{"l":{"12":1,"13":1,"18":4,"23":1,"24":1},"path":"E:\\dapp-token-ico-main\\contracts\\BoxV2.sol","s":{"1":1,"2":4,"3":1},"b":{},"f":{"1":1,"2":4,"3":1},"fnMap":{"1":{"name":"store","line":11,"loc":{"start":{"line":11,"column":1},"end":{"line":14,"column":1}}},"2":{"name":"retrieve","line":17,"loc":{"start":{"line":17,"column":1},"end":{"line":19,"column":1}}},"3":{"name":"increment","line":22,"loc":{"start":{"line":22,"column":1},"end":{"line":25,"column":1}}}},"statementMap":{"1":{"start":{"line":13,"column":2},"end":{"line":13,"column":26}},"2":{"start":{"line":18,"column":2},"end":{"line":18,"column":15}},"3":{"start":{"line":24,"column":2},"end":{"line":24,"column":27}}},"branchMap":{}},"contracts\\Crowdsale.sol":{"l":{"67":3,"68":3,"69":3,"74":3,"75":3,"76":3,"86":0,"93":2,"100":0,"107":1,"114":0,"124":0,"125":0,"128":0,"131":0,"133":0,"134":0,"136":0,"138":0,"139":0,"156":0,"160":0,"161":0,"187":0,"199":0,"224":0,"231":0},"path":"E:\\dapp-token-ico-main\\contracts\\Crowdsale.sol","s":{"1":3,"2":3,"3":3,"4":2,"5":0,"6":1,"7":0,"8":0,"9":0,"10":0,"11":0,"12":0,"13":0,"14":0,"15":0,"16":0,"17":0,"18":0,"19":0,"20":0,"21":0},"b":{"1":[3,0],"2":[3,0],"3":[3,0],"4":[0,0],"5":[0,0],"6":[0,0]},"f":{"1":3,"2":2,"3":0,"4":1,"5":0,"6":0,"7":0,"8":0,"9":0,"10":0,"11":0,"12":0,"13":0},"fnMap":{"1":{"name":"constructor","line":62,"loc":{"start":{"line":62,"column":1},"end":{"line":77,"column":1}}},"2":{"name":"token","line":92,"loc":{"start":{"line":92,"column":1},"end":{"line":94,"column":1}}},"3":{"name":"wallet","line":99,"loc":{"start":{"line":99,"column":1},"end":{"line":101,"column":1}}},"4":{"name":"rate","line":106,"loc":{"start":{"line":106,"column":1},"end":{"line":108,"column":1}}},"5":{"name":"weiRaised","line":113,"loc":{"start":{"line":113,"column":1},"end":{"line":115,"column":1}}},"6":{"name":"buyTokens","line":123,"loc":{"start":{"line":123,"column":1},"end":{"line":140,"column":1}}},"7":{"name":"_preValidatePurchase","line":151,"loc":{"start":{"line":151,"column":1},"end":{"line":162,"column":1}}},"8":{"name":"_postValidatePurchase","line":170,"loc":{"start":{"line":170,"column":1},"end":{"line":175,"column":1}}},"9":{"name":"_deliverTokens","line":183,"loc":{"start":{"line":183,"column":1},"end":{"line":188,"column":1}}},"10":{"name":"_processPurchase","line":196,"loc":{"start":{"line":196,"column":1},"end":{"line":200,"column":1}}},"11":{"name":"_updatePurchasingState","line":208,"loc":{"start":{"line":208,"column":1},"end":{"line":212,"column":1}}},"12":{"name":"_getTokenAmount","line":219,"loc":{"start":{"line":219,"column":1},"end":{"line":225,"column":1}}},"13":{"name":"_forwardFunds","line":230,"loc":{"start":{"line":230,"column":1},"end":{"line":232,"column":1}}}},"statementMap":{"1":{"start":{"line":67,"column":2},"end":{"line":67,"column":42}},"2":{"start":{"line":68,"column":2},"end":{"line":68,"column":71}},"3":{"start":{"line":69,"column":2},"end":{"line":69,"column":2667}},"4":{"start":{"line":93,"column":2},"end":{"line":93,"column":15}},"5":{"start":{"line":100,"column":2},"end":{"line":100,"column":16}},"6":{"start":{"line":107,"column":2},"end":{"line":107,"column":14}},"7":{"start":{"line":114,"column":2},"end":{"line":114,"column":19}},"8":{"start":{"line":124,"column":2},"end":{"line":124,"column":31}},"9":{"start":{"line":125,"column":2},"end":{"line":125,"column":45}},"10":{"start":{"line":128,"column":2},"end":{"line":128,"column":45}},"11":{"start":{"line":133,"column":2},"end":{"line":133,"column":38}},"12":{"start":{"line":134,"column":2},"end":{"line":134,"column":68}},"13":{"start":{"line":136,"column":2},"end":{"line":136,"column":47}},"14":{"start":{"line":138,"column":2},"end":{"line":138,"column":16}},"15":{"start":{"line":139,"column":2},"end":{"line":139,"column":46}},"16":{"start":{"line":156,"column":2},"end":{"line":156,"column":5045}},"17":{"start":{"line":160,"column":2},"end":{"line":160,"column":53}},"18":{"start":{"line":187,"column":2},"end":{"line":187,"column":46}},"19":{"start":{"line":199,"column":2},"end":{"line":199,"column":41}},"20":{"start":{"line":224,"column":2},"end":{"line":224,"column":26}},"21":{"start":{"line":231,"column":2},"end":{"line":231,"column":28}}},"branchMap":{"1":{"line":67,"type":"if","locations":[{"start":{"line":67,"column":2},"end":{"line":67,"column":2}},{"start":{"line":67,"column":2},"end":{"line":67,"column":2}}]},"2":{"line":68,"type":"if","locations":[{"start":{"line":68,"column":2},"end":{"line":68,"column":2}},{"start":{"line":68,"column":2},"end":{"line":68,"column":2}}]},"3":{"line":69,"type":"if","locations":[{"start":{"line":69,"column":2},"end":{"line":69,"column":2}},{"start":{"line":69,"column":2},"end":{"line":69,"column":2}}]},"4":{"line":123,"type":"if","locations":[{"start":{"line":123,"column":56},"end":{"line":123,"column":56}},{"start":{"line":123,"column":56},"end":{"line":123,"column":56}}]},"5":{"line":156,"type":"if","locations":[{"start":{"line":156,"column":2},"end":{"line":156,"column":2}},{"start":{"line":156,"column":2},"end":{"line":156,"column":2}}]},"6":{"line":160,"type":"if","locations":[{"start":{"line":160,"column":2},"end":{"line":160,"column":2}},{"start":{"line":160,"column":2},"end":{"line":160,"column":2}}]}}},"contracts\\Greeter.sol":{"l":{"10":3,"11":3,"15":2,"19":1,"20":1},"path":"E:\\dapp-token-ico-main\\contracts\\Greeter.sol","s":{"1":3,"2":2,"3":1},"b":{},"f":{"1":3,"2":2,"3":1},"fnMap":{"1":{"name":"constructor","line":9,"loc":{"start":{"line":9,"column":1},"end":{"line":12,"column":1}}},"2":{"name":"greet","line":14,"loc":{"start":{"line":14,"column":1},"end":{"line":16,"column":1}}},"3":{"name":"setGreeting","line":18,"loc":{"start":{"line":18,"column":1},"end":{"line":21,"column":1}}}},"statementMap":{"1":{"start":{"line":10,"column":2},"end":{"line":10,"column":61}},"2":{"start":{"line":15,"column":2},"end":{"line":15,"column":17}},"3":{"start":{"line":19,"column":2},"end":{"line":19,"column":72}}},"branchMap":{}},"contracts\\ITManToken.sol":{"l":{"9":15,"13":0},"path":"E:\\dapp-token-ico-main\\contracts\\ITManToken.sol","s":{"1":15,"2":0},"b":{"1":[0,0]},"f":{"1":15,"2":0},"fnMap":{"1":{"name":"constructor","line":8,"loc":{"start":{"line":8,"column":1},"end":{"line":10,"column":1}}},"2":{"name":"mint","line":12,"loc":{"start":{"line":12,"column":1},"end":{"line":14,"column":1}}}},"statementMap":{"1":{"start":{"line":9,"column":2},"end":{"line":9,"column":44}},"2":{"start":{"line":13,"column":2},"end":{"line":13,"column":18}}},"branchMap":{"1":{"line":12,"type":"if","locations":[{"start":{"line":12,"column":50},"end":{"line":12,"column":50}},{"start":{"line":12,"column":50},"end":{"line":12,"column":50}}]}}},"contracts\\ITManTokenCrowdsale.sol":{"l":{"35":0,"47":0},"path":"E:\\dapp-token-ico-main\\contracts\\ITManTokenCrowdsale.sol","s":{"1":0,"2":0},"b":{"1":[0,0]},"f":{"1":3,"2":0,"3":0},"fnMap":{"1":{"name":"constructor","line":21,"loc":{"start":{"line":11,"column":1},"end":{"line":22,"column":2}}},"2":{"name":"_preValidatePurchase","line":33,"loc":{"start":{"line":29,"column":1},"end":{"line":36,"column":1}}},"3":{"name":"_deliverTokens","line":43,"loc":{"start":{"line":43,"column":1},"end":{"line":48,"column":1}}}},"statementMap":{"1":{"start":{"line":35,"column":2},"end":{"line":35,"column":51}},"2":{"start":{"line":47,"column":2},"end":{"line":47,"column":47}}},"branchMap":{"1":{"line":33,"type":"if","locations":[{"start":{"line":33,"column":2},"end":{"line":33,"column":2}},{"start":{"line":33,"column":2},"end":{"line":33,"column":2}}]}}},"contracts\\TimedCrowdsale.sol":{"l":{"29":0,"30":0,"40":3,"45":3,"50":3,"51":3,"58":0,"65":0,"73":0,"83":0,"98":0,"106":0,"108":0,"113":0,"114":0},"path":"E:\\dapp-token-ico-main\\contracts\\TimedCrowdsale.sol","s":{"1":0,"2":3,"3":3,"4":0,"5":0,"6":0,"7":0,"8":0,"9":0,"10":0,"11":0},"b":{"1":[0,0],"2":[3,0],"3":[3,0],"4":[0,0],"5":[0,0],"6":[0,0]},"f":{"1":0,"2":3,"3":0,"4":0,"5":0,"6":0,"7":0,"8":0},"fnMap":{"1":{"name":"onlyWhileOpen","line":28,"loc":{"start":{"line":28,"column":1},"end":{"line":31,"column":1}}},"2":{"name":"constructor","line":38,"loc":{"start":{"line":38,"column":1},"end":{"line":52,"column":1}}},"3":{"name":"openingTime","line":57,"loc":{"start":{"line":57,"column":1},"end":{"line":59,"column":1}}},"4":{"name":"closingTime","line":64,"loc":{"start":{"line":64,"column":1},"end":{"line":66,"column":1}}},"5":{"name":"isOpen","line":71,"loc":{"start":{"line":71,"column":1},"end":{"line":75,"column":1}}},"6":{"name":"hasClosed","line":81,"loc":{"start":{"line":81,"column":1},"end":{"line":84,"column":1}}},"7":{"name":"_preValidatePurchase","line":96,"loc":{"start":{"line":91,"column":1},"end":{"line":99,"column":1}}},"8":{"name":"_extendTime","line":105,"loc":{"start":{"line":105,"column":1},"end":{"line":115,"column":1}}}},"statementMap":{"1":{"start":{"line":29,"column":2},"end":{"line":29,"column":46}},"2":{"start":{"line":40,"column":2},"end":{"line":40,"column":1077}},"3":{"start":{"line":45,"column":2},"end":{"line":45,"column":1232}},"4":{"start":{"line":58,"column":2},"end":{"line":58,"column":21}},"5":{"start":{"line":65,"column":2},"end":{"line":65,"column":21}},"6":{"start":{"line":73,"column":2},"end":{"line":73,"column":1903}},"7":{"start":{"line":83,"column":2},"end":{"line":83,"column":39}},"8":{"start":{"line":98,"column":2},"end":{"line":98,"column":51}},"9":{"start":{"line":106,"column":2},"end":{"line":106,"column":56}},"10":{"start":{"line":108,"column":2},"end":{"line":108,"column":2818}},"11":{"start":{"line":113,"column":2},"end":{"line":113,"column":59}}},"branchMap":{"1":{"line":29,"type":"if","locations":[{"start":{"line":29,"column":2},"end":{"line":29,"column":2}},{"start":{"line":29,"column":2},"end":{"line":29,"column":2}}]},"2":{"line":40,"type":"if","locations":[{"start":{"line":40,"column":2},"end":{"line":40,"column":2}},{"start":{"line":40,"column":2},"end":{"line":40,"column":2}}]},"3":{"line":45,"type":"if","locations":[{"start":{"line":45,"column":2},"end":{"line":45,"column":2}},{"start":{"line":45,"column":2},"end":{"line":45,"column":2}}]},"4":{"line":96,"type":"if","locations":[{"start":{"line":96,"column":2},"end":{"line":96,"column":2}},{"start":{"line":96,"column":2},"end":{"line":96,"column":2}}]},"5":{"line":106,"type":"if","locations":[{"start":{"line":106,"column":2},"end":{"line":106,"column":2}},{"start":{"line":106,"column":2},"end":{"line":106,"column":2}}]},"6":{"line":108,"type":"if","locations":[{"start":{"line":108,"column":2},"end":{"line":108,"column":2}},{"start":{"line":108,"column":2},"end":{"line":108,"column":2}}]}}}}